2011/07/17 04:02:26 [error] [exception.CDbException] exception 'CDbException' with message 'CDbConnection failed to open the DB connection: SQLSTATE[HY000] [2005] Unknown MySQL server host 'http://www.valkyrius.nl:3306/' (1)' in /var/www/YII/framework/db/CDbConnection.php:364
Stack trace:
#0 /var/www/YII/framework/db/CDbConnection.php(313): CDbConnection->open()
#1 /var/www/YII/framework/db/CDbConnection.php(291): CDbConnection->setActive(true)
#2 /var/www/YII/framework/base/CModule.php(372): CDbConnection->init()
#3 /var/www/YII/framework/base/CModule.php(86): CModule->getComponent('db')
#4 /var/www/YII/framework/gii/generators/model/ModelCode.php(54): CModule->__get('db')
#5 /var/www/YII/framework/web/CFormModel.php(40): ModelCode->init()
#6 /var/www/YII/framework/gii/CCodeGenerator.php(149): CFormModel->__construct()
#7 /var/www/YII/framework/gii/CCodeGenerator.php(61): CCodeGenerator->prepare()
#8 /var/www/YII/framework/web/actions/CInlineAction.php(50): CCodeGenerator->actionIndex()
#9 /var/www/YII/framework/web/CController.php(300): CInlineAction->runWithParams(Array)
#10 /var/www/YII/framework/web/CController.php(278): CController->runAction(Object(CInlineAction))
#11 /var/www/YII/framework/web/CController.php(257): CController->runActionWithFilters(Object(CInlineAction), Array)
#12 /var/www/YII/framework/web/CWebApplication.php(277): CController->run('')
#13 /var/www/YII/framework/web/CWebApplication.php(136): CWebApplication->runController('gii/model')
#14 /var/www/YII/framework/base/CApplication.php(158): CWebApplication->processRequest()
#15 /var/www/RAW-CMS/index.php(13): CApplication->run()
#16 {main} REQUEST_URI=/RAW-CMS/index.php?r=gii/model
2011/07/17 11:26:13 [error] [exception.CDbException] exception 'CDbException' with message 'CDbConnection failed to open the DB connection: SQLSTATE[HY000] [2005] Unknown MySQL server host 'http://www.valkyrius.nl:3306/' (1)' in /var/www/YII/framework/db/CDbConnection.php:364
Stack trace:
#0 /var/www/YII/framework/db/CDbConnection.php(313): CDbConnection->open()
#1 /var/www/YII/framework/db/CDbConnection.php(291): CDbConnection->setActive(true)
#2 /var/www/YII/framework/base/CModule.php(372): CDbConnection->init()
#3 /var/www/YII/framework/base/CModule.php(86): CModule->getComponent('db')
#4 /var/www/YII/framework/gii/generators/model/ModelCode.php(54): CModule->__get('db')
#5 /var/www/YII/framework/web/CFormModel.php(40): ModelCode->init()
#6 /var/www/YII/framework/gii/CCodeGenerator.php(149): CFormModel->__construct()
#7 /var/www/YII/framework/gii/CCodeGenerator.php(61): CCodeGenerator->prepare()
#8 /var/www/YII/framework/web/actions/CInlineAction.php(50): CCodeGenerator->actionIndex()
#9 /var/www/YII/framework/web/CController.php(300): CInlineAction->runWithParams(Array)
#10 /var/www/YII/framework/web/CController.php(278): CController->runAction(Object(CInlineAction))
#11 /var/www/YII/framework/web/CController.php(257): CController->runActionWithFilters(Object(CInlineAction), Array)
#12 /var/www/YII/framework/web/CWebApplication.php(277): CController->run('')
#13 /var/www/YII/framework/web/CWebApplication.php(136): CWebApplication->runController('gii/model')
#14 /var/www/YII/framework/base/CApplication.php(158): CWebApplication->processRequest()
#15 /var/www/RAW-CMS/index.php(13): CApplication->run()
#16 {main} REQUEST_URI=/RAW-CMS/index.php?r=gii/model
